
WARNING: apt does not have a stable CLI interface. Use with caution in scripts.

Hit:2 http://packages.cloud.google.com/apt cloud-sdk-stretch InRelease
Ign:3 http://deb.debian.org/debian stretch InRelease
Hit:4 http://security.debian.org stretch/updates InRelease
Hit:5 http://deb.debian.org/debian stretch-updates InRelease
Hit:6 http://packages.cloud.google.com/apt google-compute-engine-stretch-stable InRelease
Hit:7 https://download.docker.com/linux/debian stretch InRelease
Hit:1 https://packages.cloud.google.com/apt kubernetes-xenial InRelease
Hit:8 http://deb.debian.org/debian stretch-backports InRelease
Hit:9 http://packages.cloud.google.com/apt google-cloud-packages-archive-keyring-stretch InRelease
Hit:10 http://deb.debian.org/debian stretch Release
Reading package lists...
Building dependency tree...
Reading state information...
5 packages can be upgraded. Run 'apt list --upgradable' to see them.
W: Target Packages (main/binary-amd64/Packages) is configured multiple times in /etc/apt/sources.list.d/kubernetes.list:1 and /etc/apt/sources.list.d/kubernetes.list:2
W: Target Packages (main/binary-all/Packages) is configured multiple times in /etc/apt/sources.list.d/kubernetes.list:1 and /etc/apt/sources.list.d/kubernetes.list:2
W: Target Translations (main/i18n/Translation-en_US) is configured multiple times in /etc/apt/sources.list.d/kubernetes.list:1 and /etc/apt/sources.list.d/kubernetes.list:2
W: Target Translations (main/i18n/Translation-en) is configured multiple times in /etc/apt/sources.list.d/kubernetes.list:1 and /etc/apt/sources.list.d/kubernetes.list:2
W: Target Packages (main/binary-amd64/Packages) is configured multiple times in /etc/apt/sources.list.d/kubernetes.list:1 and /etc/apt/sources.list.d/kubernetes.list:2
W: Target Packages (main/binary-all/Packages) is configured multiple times in /etc/apt/sources.list.d/kubernetes.list:1 and /etc/apt/sources.list.d/kubernetes.list:2
W: Target Translations (main/i18n/Translation-en_US) is configured multiple times in /etc/apt/sources.list.d/kubernetes.list:1 and /etc/apt/sources.list.d/kubernetes.list:2
W: Target Translations (main/i18n/Translation-en) is configured multiple times in /etc/apt/sources.list.d/kubernetes.list:1 and /etc/apt/sources.list.d/kubernetes.list:2

WARNING: apt does not have a stable CLI interface. Use with caution in scripts.

Reading package lists...
Building dependency tree...
Reading state information...
apt-transport-https is already the newest version (1.4.9).
ca-certificates is already the newest version (20161130+nmu1+deb9u1).
curl is already the newest version (7.52.1-5+deb9u9).
software-properties-common is already the newest version (0.96.20.2-1).
0 upgraded, 0 newly installed, 0 to remove and 5 not upgraded.
Add Docker's official GPG key
Warning: apt-key output should not be parsed (stdout is not a terminal)
OK
Set up the docker stable repository
Add gpg kubernetes key
Warning: apt-key output should not be parsed (stdout is not a terminal)
OK
deb http://apt.kubernetes.io/ kubernetes-xenial main
bash: line 15: unexpected EOF while looking for matching `"'
bash: line 18: syntax error: unexpected end of file
